<?xml version="1.0" encoding="UTF-8"?>
<testsuite name="br.com.agrosmart.application.cerealista.create.CreateCerealistaUseCaseTest" tests="1" skipped="0" failures="0" errors="0" timestamp="2025-04-03T12:23:05" hostname="LAPTOP-DFF0LMSS" time="6.866">
  <properties/>
  <testcase name="dadoUmComandoValido_quandoChamarCreateCerealista_entaoRetornaIdDaCerealista()" classname="br.com.agrosmart.application.cerealista.create.CreateCerealistaUseCaseTest" time="6.866"/>
  <system-out><![CDATA[]]></system-out>
  <system-err><![CDATA[]]></system-err>
</testsuite>
