<?xml version="1.0" encoding="UTF-8"?>
<testsuite name="br.com.agrosmart.domain.cerealista.CerealistaTest" tests="8" skipped="0" failures="0" errors="0" timestamp="2025-04-03T04:31:54" hostname="LAPTOP-DFF0LMSS" time="0.132">
  <properties/>
  <testcase name="dadoUmNomeComMaisDeCinquentaCaracteresInvalido_quandoChamarNewCerealistaEValidate_entaoLancaUmaException()" classname="br.com.agrosmart.domain.cerealista.CerealistaTest" time="0.083"/>
  <testcase name="dadoUmNomeNuloInvalido_quandoChamarNewCerealistaEValidate_entaoLancaUmaException()" classname="br.com.agrosmart.domain.cerealista.CerealistaTest" time="0.005"/>
  <testcase name="dadoUmCnpjNulo_quandoChamarNewCerealistaEValidate_entaoLancaUmaException()" classname="br.com.agrosmart.domain.cerealista.CerealistaTest" time="0.004"/>
  <testcase name="dadoUmCnpjInvalido_quandoChamarNewCerealistaEValidate_entaoLancaUmaException()" classname="br.com.agrosmart.domain.cerealista.CerealistaTest" time="0.006"/>
  <testcase name="dadoUmNomeComMenosDeTresCaracteresInvalido_quandoChamarNewCerealistaEValidate_entaoLancaUmaException()" classname="br.com.agrosmart.domain.cerealista.CerealistaTest" time="0.004"/>
  <testcase name="dadoParametrosValidos_quandoChamarNewCerealista_entaoInstaciaUmaCerealista()" classname="br.com.agrosmart.domain.cerealista.CerealistaTest" time="0.004"/>
  <testcase name="dadoUmCnpjVazio_quandoChamarNewCerealistaEValidate_entaoLancaUmaException()" classname="br.com.agrosmart.domain.cerealista.CerealistaTest" time="0.003"/>
  <testcase name="dadoUmNomeVazioInvalido_quandoChamarNewCerealistaEValidate_entaoLancaUmaException()" classname="br.com.agrosmart.domain.cerealista.CerealistaTest" time="0.004"/>
  <system-out><![CDATA[]]></system-out>
  <system-err><![CDATA[]]></system-err>
</testsuite>
